{"timestamp": "2025-07-18T15:47:37.046254Z", "level": "warn", "message": "Queue size growing", "component": "provider", "thread": "thread-8", "requestId": "req-9408"}
{"timestamp": "2025-07-18T15:48:37.046254Z", "level": "info", "message": "Configuration loaded", "component": "postgres", "thread": "thread-6", "requestId": "req-6941"}
{"timestamp": "2025-07-18T15:49:37.046254Z", "level": "error", "message": "Database connection failed", "component": "postgres", "error": "connection refused", "thread": "thread-4", "requestId": "req-9044", "userId": "user-13"}
{"timestamp": "2025-07-18T15:50:37.046254Z", "level": "error", "message": "Database connection failed", "component": "postgres", "error": "connection refused", "thread": "thread-1", "requestId": "req-5907"}
{"timestamp": "2025-07-18T15:51:37.046254Z", "level": "info", "message": "Database transaction committed", "component": "rest", "thread": "thread-2", "requestId": "req-7114"}
{"timestamp": "2025-07-18T15:52:37.046254Z", "level": "warn", "message": "Memory usage exceeds threshold", "component": "system", "error": "heap memory > 85%", "thread": "thread-8", "requestId": "req-6094"}
{"timestamp": "2025-07-18T15:53:37.046254Z", "level": "info", "message": "API request processed", "component": "framework", "thread": "thread-10", "requestId": "req-7273"}
{"timestamp": "2025-07-18T15:54:37.046254Z", "level": "info", "message": "Health check passed", "component": "manager", "thread": "thread-8", "requestId": "req-7811"}
{"timestamp": "2025-07-18T15:55:37.046254Z", "level": "error", "message": "Database connection failed", "component": "postgres", "error": "connection refused", "thread": "thread-7", "requestId": "req-7856"}
{"timestamp": "2025-07-18T15:56:37.046254Z", "level": "info", "message": "Session created", "component": "postgres", "thread": "thread-3", "requestId": "req-2744"}
{"timestamp": "2025-07-18T15:57:37.046254Z", "level": "info", "message": "Metrics collected", "component": "postgres", "thread": "thread-2", "requestId": "req-5457"}
{"timestamp": "2025-07-18T15:58:37.046254Z", "level": "error", "message": "Database connection failed", "component": "postgres", "error": "connection refused", "thread": "thread-5", "requestId": "req-7003"}
{"timestamp": "2025-07-18T15:59:37.046254Z", "level": "info", "message": "Service started successfully", "component": "rest", "thread": "thread-10", "requestId": "req-9873"}
{"timestamp": "2025-07-18T16:00:37.046254Z", "level": "info", "message": "Data synchronized", "component": "manager", "thread": "thread-5", "requestId": "req-1372"}
{"timestamp": "2025-07-18T16:01:37.046254Z", "level": "warn", "message": "Memory usage exceeds threshold", "component": "system", "error": "heap memory > 85%", "thread": "thread-6", "requestId": "req-6928"}
{"timestamp": "2025-07-18T16:02:37.046254Z", "level": "error", "message": "Database connection failed", "component": "postgres", "error": "connection refused", "thread": "thread-6", "requestId": "req-5705"}
{"timestamp": "2025-07-18T16:03:37.046254Z", "level": "info", "message": "API request processed", "component": "postgres", "thread": "thread-6", "requestId": "req-4323"}
{"timestamp": "2025-07-18T16:04:37.046254Z", "level": "info", "message": "Metrics collected", "component": "framework", "thread": "thread-5", "requestId": "req-8720"}
{"timestamp": "2025-07-18T16:05:37.046254Z", "level": "error", "message": "Database connection failed", "component": "postgres", "error": "connection refused", "thread": "thread-10", "requestId": "req-5418"}
{"timestamp": "2025-07-18T16:06:37.046254Z", "level": "info", "message": "Backup completed", "component": "provider", "thread": "thread-7", "requestId": "req-9236"}
{"timestamp": "2025-07-18T16:07:37.046254Z", "level": "error", "message": "Database connection failed", "component": "postgres", "error": "connection refused", "thread": "thread-7", "requestId": "req-4406", "userId": "user-89"}
{"timestamp": "2025-07-18T16:08:37.046254Z", "level": "info", "message": "Service started successfully", "component": "manager", "thread": "thread-8", "requestId": "req-1402"}
{"timestamp": "2025-07-18T16:09:37.046254Z", "level": "warn", "message": "Queue size growing", "component": "manager", "thread": "thread-1", "requestId": "req-8921"}
{"timestamp": "2025-07-18T16:10:37.046254Z", "level": "error", "message": "Database connection failed", "component": "postgres", "error": "connection refused", "thread": "thread-8", "requestId": "req-5017"}
{"timestamp": "2025-07-18T16:11:37.046254Z", "level": "info", "message": "Session created", "component": "manager", "thread": "thread-9", "requestId": "req-9853"}
{"timestamp": "2025-07-18T16:12:37.046254Z", "level": "info", "message": "Session created", "component": "framework", "thread": "thread-1", "requestId": "req-3546"}
{"timestamp": "2025-07-18T16:13:37.046254Z", "level": "info", "message": "Health check passed", "component": "manager", "thread": "thread-6", "requestId": "req-9589"}
{"timestamp": "2025-07-18T16:14:37.046254Z", "level": "warn", "message": "Memory usage exceeds threshold", "component": "system", "error": "heap memory > 85%", "thread": "thread-3", "requestId": "req-2049"}
{"timestamp": "2025-07-18T16:15:37.046254Z", "level": "info", "message": "Configuration loaded", "component": "framework", "thread": "thread-9", "requestId": "req-7289"}
{"timestamp": "2025-07-18T16:16:37.046254Z", "level": "info", "message": "Cache entry updated", "component": "framework", "thread": "thread-7", "requestId": "req-9215"}
{"timestamp": "2025-07-18T16:17:37.046254Z", "level": "error", "message": "API request rate limit exceeded", "component": "rest", "error": "rate limit exceeded", "thread": "thread-4", "requestId": "req-7136", "userId": "user-70"}
{"timestamp": "2025-07-18T16:18:37.046254Z", "level": "error", "message": "Database connection failed", "component": "postgres", "error": "connection refused", "thread": "thread-6", "requestId": "req-7110"}
{"timestamp": "2025-07-18T16:19:37.046254Z", "level": "info", "message": "Configuration loaded", "component": "provider", "thread": "thread-2", "requestId": "req-6073"}
{"timestamp": "2025-07-18T16:20:37.046254Z", "level": "info", "message": "Session created", "component": "manager", "thread": "thread-10", "requestId": "req-9962"}
{"timestamp": "2025-07-18T16:21:37.046254Z", "level": "info", "message": "Cache entry updated", "component": "provider", "thread": "thread-10", "requestId": "req-9754"}
{"timestamp": "2025-07-18T16:22:37.046254Z", "level": "info", "message": "Database transaction committed", "component": "kafka", "thread": "thread-7", "requestId": "req-8165"}
{"timestamp": "2025-07-18T16:23:37.046254Z", "level": "error", "message": "Unexpected service restart", "component": "system", "error": "abnormal termination", "anomaly": true, "severity": "critical", "thread": "thread-7"}
{"timestamp": "2025-07-18T16:24:37.046254Z", "level": "info", "message": "Database transaction committed", "component": "kafka", "thread": "thread-1", "requestId": "req-5596"}
{"timestamp": "2025-07-18T16:25:37.046254Z", "level": "error", "message": "Unexpected service restart", "component": "system", "error": "abnormal termination", "anomaly": true, "severity": "critical", "thread": "thread-2"}
{"timestamp": "2025-07-18T16:26:37.046254Z", "level": "error", "message": "Database connection failed", "component": "postgres", "error": "connection refused", "thread": "thread-5", "requestId": "req-1227"}
{"timestamp": "2025-07-18T16:27:37.046254Z", "level": "error", "message": "Database connection failed", "component": "postgres", "error": "connection refused", "thread": "thread-4", "requestId": "req-9455"}
{"timestamp": "2025-07-18T16:28:37.046254Z", "level": "warn", "message": "Queue size growing", "component": "postgres", "thread": "thread-8", "requestId": "req-4289"}
{"timestamp": "2025-07-18T16:29:37.046254Z", "level": "warn", "message": "High CPU usage detected", "component": "manager", "thread": "thread-10", "requestId": "req-2194"}
{"timestamp": "2025-07-18T16:30:37.046254Z", "level": "error", "message": "Database connection failed", "component": "postgres", "error": "connection refused", "thread": "thread-8", "requestId": "req-4723"}
{"timestamp": "2025-07-18T16:31:37.046254Z", "level": "error", "message": "Database connection failed", "component": "postgres", "error": "connection refused", "thread": "thread-8", "requestId": "req-5879"}
{"timestamp": "2025-07-18T16:32:37.046254Z", "level": "info", "message": "Backup completed", "component": "framework", "thread": "thread-10", "requestId": "req-7991"}
{"timestamp": "2025-07-18T16:33:37.046254Z", "level": "info", "message": "Session created", "component": "framework", "thread": "thread-10", "requestId": "req-8725"}
{"timestamp": "2025-07-18T16:34:37.046254Z", "level": "info", "message": "Database transaction committed", "component": "kafka", "thread": "thread-3", "requestId": "req-7305"}
{"timestamp": "2025-07-18T16:35:37.046254Z", "level": "error", "message": "Kafka producer timeout", "component": "kafka", "error": "timeout after 30s", "thread": "thread-8", "requestId": "req-9943", "userId": "user-93"}
{"timestamp": "2025-07-18T16:36:37.046254Z", "level": "info", "message": "Service started successfully", "component": "manager", "thread": "thread-8", "requestId": "req-3773"}
{"timestamp": "2025-07-18T16:37:37.046254Z", "level": "info", "message": "Metrics collected", "component": "provider", "thread": "thread-6", "requestId": "req-6230"}
{"timestamp": "2025-07-18T16:38:37.046254Z", "level": "error", "message": "Database connection failed", "component": "postgres", "error": "connection refused", "thread": "thread-9", "requestId": "req-5957"}
{"timestamp": "2025-07-18T16:39:37.046254Z", "level": "warn", "message": "Memory usage exceeds threshold", "component": "system", "error": "heap memory > 85%", "thread": "thread-2", "requestId": "req-4938"}
{"timestamp": "2025-07-18T16:40:37.046254Z", "level": "warn", "message": "Memory usage exceeds threshold", "component": "system", "error": "heap memory > 85%", "thread": "thread-3", "requestId": "req-5411", "userId": "user-80"}
{"timestamp": "2025-07-18T16:41:37.046254Z", "level": "error", "message": "API request rate limit exceeded", "component": "rest", "error": "rate limit exceeded", "thread": "thread-2", "requestId": "req-8444", "cascade_id": "cascade-610"}
{"timestamp": "2025-07-18T16:42:37.046254Z", "level": "error", "message": "API request rate limit exceeded", "component": "rest", "error": "rate limit exceeded", "thread": "thread-2", "requestId": "req-4337", "cascade_id": "cascade-699"}
{"timestamp": "2025-07-18T16:43:37.046254Z", "level": "error", "message": "API request rate limit exceeded", "component": "rest", "error": "rate limit exceeded", "thread": "thread-10", "requestId": "req-1360", "cascade_id": "cascade-678"}
{"timestamp": "2025-07-18T16:44:37.046254Z", "level": "info", "message": "Database transaction committed", "component": "provider", "thread": "thread-8", "requestId": "req-8417"}
{"timestamp": "2025-07-18T16:45:37.046254Z", "level": "info", "message": "Database transaction committed", "component": "framework", "thread": "thread-5", "requestId": "req-5425"}
{"timestamp": "2025-07-18T16:46:37.046254Z", "level": "error", "message": "Kafka producer timeout", "component": "kafka", "error": "timeout after 30s", "thread": "thread-3", "requestId": "req-9624"}
{"timestamp": "2025-07-18T16:47:37.046254Z", "level": "error", "message": "API request rate limit exceeded", "component": "rest", "error": "rate limit exceeded", "thread": "thread-2", "requestId": "req-4368", "cascade_id": "cascade-617"}
{"timestamp": "2025-07-18T16:48:37.046254Z", "level": "error", "message": "API request rate limit exceeded", "component": "rest", "error": "rate limit exceeded", "thread": "thread-4", "requestId": "req-2036", "cascade_id": "cascade-127"}
{"timestamp": "2025-07-18T16:49:37.046254Z", "level": "error", "message": "API request rate limit exceeded", "component": "rest", "error": "rate limit exceeded", "thread": "thread-6", "requestId": "req-6572", "cascade_id": "cascade-228"}
{"timestamp": "2025-07-18T16:50:37.046254Z", "level": "error", "message": "API request rate limit exceeded", "component": "rest", "error": "rate limit exceeded", "thread": "thread-5", "requestId": "req-1529", "cascade_id": "cascade-252"}
{"timestamp": "2025-07-18T16:51:37.046254Z", "level": "error", "message": "API request rate limit exceeded", "component": "rest", "error": "rate limit exceeded", "thread": "thread-8", "requestId": "req-5075", "cascade_id": "cascade-745"}
{"timestamp": "2025-07-18T16:52:37.046254Z", "level": "error", "message": "API request rate limit exceeded", "component": "rest", "error": "rate limit exceeded", "thread": "thread-1", "requestId": "req-5252", "cascade_id": "cascade-506"}
{"timestamp": "2025-07-18T16:53:37.046254Z", "level": "info", "message": "Data synchronized", "component": "postgres", "thread": "thread-9", "requestId": "req-7173"}
{"timestamp": "2025-07-18T16:54:37.046254Z", "level": "info", "message": "Configuration loaded", "component": "postgres", "thread": "thread-1", "requestId": "req-3829"}
{"timestamp": "2025-07-18T16:55:37.046254Z", "level": "warn", "message": "Disk space running low", "component": "provider", "thread": "thread-6", "requestId": "req-8314"}
{"timestamp": "2025-07-18T16:56:37.046254Z", "level": "warn", "message": "Connection pool exhausted", "component": "manager", "thread": "thread-5", "requestId": "req-2826"}
{"timestamp": "2025-07-18T16:57:37.046254Z", "level": "warn", "message": "Response time degraded", "component": "rest", "thread": "thread-7", "requestId": "req-7119"}
{"timestamp": "2025-07-18T16:58:37.046254Z", "level": "error", "message": "Kafka producer timeout", "component": "kafka", "error": "timeout after 30s", "thread": "thread-3", "requestId": "req-5057"}
{"timestamp": "2025-07-18T16:59:37.046254Z", "level": "info", "message": "Database transaction committed", "component": "postgres", "thread": "thread-1", "requestId": "req-2915"}
{"timestamp": "2025-07-18T17:00:37.046254Z", "level": "info", "message": "Session created", "component": "manager", "thread": "thread-9", "requestId": "req-6353"}
{"timestamp": "2025-07-18T17:01:37.046254Z", "level": "info", "message": "API request processed", "component": "manager", "thread": "thread-1", "requestId": "req-5882"}
{"timestamp": "2025-07-18T17:02:37.046254Z", "level": "warn", "message": "Connection pool exhausted", "component": "manager", "thread": "thread-2", "requestId": "req-6789"}
{"timestamp": "2025-07-18T17:03:37.046254Z", "level": "warn", "message": "Memory usage exceeds threshold", "component": "system", "error": "heap memory > 85%", "thread": "thread-10", "requestId": "req-6155"}
{"timestamp": "2025-07-18T17:04:37.046254Z", "level": "info", "message": "Configuration loaded", "component": "postgres", "thread": "thread-1", "requestId": "req-5230"}
{"timestamp": "2025-07-18T17:05:37.046254Z", "level": "info", "message": "Cache entry updated", "component": "rest", "thread": "thread-1", "requestId": "req-9125"}
{"timestamp": "2025-07-18T17:06:37.046254Z", "level": "info", "message": "Backup completed", "component": "provider", "thread": "thread-6", "requestId": "req-6591"}
{"timestamp": "2025-07-18T17:07:37.046254Z", "level": "info", "message": "Metrics collected", "component": "postgres", "thread": "thread-7", "requestId": "req-9147"}
{"timestamp": "2025-07-18T17:08:37.046254Z", "level": "info", "message": "Cache entry updated", "component": "framework", "thread": "thread-6", "requestId": "req-1766"}
{"timestamp": "2025-07-18T17:09:37.046254Z", "level": "error", "message": "Kafka producer timeout", "component": "kafka", "error": "timeout after 30s", "thread": "thread-7", "requestId": "req-3321"}
{"timestamp": "2025-07-18T17:10:37.046254Z", "level": "error", "message": "Kafka producer timeout", "component": "kafka", "error": "timeout after 30s", "thread": "thread-8", "requestId": "req-7580", "userId": "user-73"}
{"timestamp": "2025-07-18T17:11:37.046254Z", "level": "info", "message": "Cache entry updated", "component": "kafka", "thread": "thread-3", "requestId": "req-6886"}
{"timestamp": "2025-07-18T17:12:37.046254Z", "level": "info", "message": "Configuration loaded", "component": "postgres", "thread": "thread-10", "requestId": "req-1231"}
{"timestamp": "2025-07-18T17:13:37.046254Z", "level": "info", "message": "Cache entry updated", "component": "framework", "thread": "thread-6", "requestId": "req-3720"}
{"timestamp": "2025-07-18T17:14:37.046254Z", "level": "info", "message": "Metrics collected", "component": "postgres", "thread": "thread-3", "requestId": "req-5632"}
{"timestamp": "2025-07-18T17:15:37.046254Z", "level": "info", "message": "Cache entry updated", "component": "rest", "thread": "thread-8", "requestId": "req-6514"}
{"timestamp": "2025-07-18T17:16:37.046254Z", "level": "warn", "message": "Memory usage exceeds threshold", "component": "system", "error": "heap memory > 85%", "thread": "thread-7", "requestId": "req-7805"}
{"timestamp": "2025-07-18T17:17:37.046254Z", "level": "warn", "message": "Memory usage exceeds threshold", "component": "system", "error": "heap memory > 85%", "thread": "thread-9", "requestId": "req-2946", "userId": "user-47"}
{"timestamp": "2025-07-18T17:18:37.046254Z", "level": "warn", "message": "Network latency increased", "component": "manager", "thread": "thread-5", "requestId": "req-4401"}
{"timestamp": "2025-07-18T17:19:37.046254Z", "level": "error", "message": "Database connection failed", "component": "postgres", "error": "connection refused", "thread": "thread-2", "requestId": "req-3830", "userId": "user-25"}
{"timestamp": "2025-07-18T17:20:37.046254Z", "level": "info", "message": "Health check passed", "component": "postgres", "thread": "thread-2", "requestId": "req-9471"}
{"timestamp": "2025-07-18T17:21:37.046254Z", "level": "error", "message": "Database connection failed", "component": "postgres", "error": "connection refused", "thread": "thread-2", "requestId": "req-8061"}
{"timestamp": "2025-07-18T17:22:37.046254Z", "level": "error", "message": "Data corruption detected", "component": "storage", "error": "checksum mismatch", "anomaly": true, "severity": "critical", "thread": "thread-4"}
{"timestamp": "2025-07-18T17:23:37.046254Z", "level": "info", "message": "API request processed", "component": "rest", "thread": "thread-4", "requestId": "req-9460"}
{"timestamp": "2025-07-18T17:24:37.046254Z", "level": "info", "message": "Session created", "component": "framework", "thread": "thread-7", "requestId": "req-7324"}
{"timestamp": "2025-07-18T17:25:37.046254Z", "level": "warn", "message": "Response time degraded", "component": "postgres", "thread": "thread-6", "requestId": "req-8970"}
{"timestamp": "2025-07-18T17:26:37.046254Z", "level": "warn", "message": "Queue size growing", "component": "rest", "thread": "thread-2", "requestId": "req-4722"}
