{
  "message": "Starting application now..."
}
{
  "message": "Starting Virtualization Aggregator GRPC service:[version]",
  "version": "0.0.0"
}
{
  "message": "Connecting to VA database..."
}
{
  "message": "Ping to the DB failed.",
  "error": "failed to connect to `host=virtualization-aggregator-postgres user=postgres database=virtualization_aggregator`: dial error (dial tcp 10.106.220.215:5432: connect: connection refused): dial tcp 10.106.220.215:5432: connect: connection refused: connect: connection refused: connection refused",
  "stacktrace": "github.hpe.com/nimble-dcs/virtualization-aggregator/internal/driver.connectSQL\n\t/build/internal/driver/driver.go:85\ngithub.hpe.com/nimble-dcs/virtualization-aggregator/internal/driver.ConnectDB\n\t/build/internal/driver/driver.go:44\ngithub.hpe.com/nimble-dcs/virtualization-aggregator/internal/virt-aggr-app-grpc.StartApplication\n\t/build/internal/virt-aggr-app-grpc/application.go:90\nmain.main\n\t/build/cmd/virt-aggregator-grpc/main.go:17\nruntime.main\n\t/usr/local/go/src/runtime/proc.go:250"
}
{
  "message": "Sleeping and then connecting to VA database again with [delay]...",
  "delay": "10s"
}
{
  "message": "Ping to the DB failed.",
  "error": "failed to connect to `host=virtualization-aggregator-postgres user=postgres database=virtualization_aggregator`: dial error (dial tcp 10.106.220.215:5432: connect: connection refused): dial tcp 10.106.220.215:5432: connect: connection refused: connect: connection refused: connection refused",
  "stacktrace": "github.hpe.com/nimble-dcs/virtualization-aggregator/internal/driver.connectSQL\n\t/build/internal/driver/driver.go:85\ngithub.hpe.com/nimble-dcs/virtualization-aggregator/internal/driver.ConnectDB\n\t/build/internal/driver/driver.go:58\ngithub.hpe.com/nimble-dcs/virtualization-aggregator/internal/virt-aggr-app-grpc.StartApplication\n\t/build/internal/virt-aggr-app-grpc/application.go:90\nmain.main\n\t/build/cmd/virt-aggregator-grpc/main.go:17\nruntime.main\n\t/usr/local/go/src/runtime/proc.go:250"
}
{
  "message": "Retry DB connection attempt was failure with [count]",
  "count": 1
}
{
  "message": "Sleeping and then connecting to VA database again with [delay]...",
  "delay": "10s"
}
{
  "message": "Retry DB connection attempt was successful : [count]",
  "count": 2
}
{
  "message": "Connected to database."
}
{
  "message": "Starting GRPC server"
}
{
  "message": "Started listening for GRPC request at port",
  "port": "9201"
}
{
  "message": "Registering VA gRPC DB metrics collector"
}
{
  "message": "Starting http server for scraping metrics",
  "listening_address": "0.0.0.0:9200"
}
